<?xml version="1.0" encoding="UTF-8"?>
<!-- Generated by org.testng.reporters.JUnitReportReporter -->
<testsuite hostname="DESKTOP-E5PNTFF" failures="0" tests="1" name="testcases.Login" time="0.000" errors="0" timestamp="2024-07-26T14:33:42 IST" skipped="1">
  <testcase classname="testcases.Login" name="Login" time="0.000">
    <skipped/>
  </testcase> <!-- Login -->
  <system-out/>
</testsuite> <!-- testcases.Login -->
