<?xml version="1.0" encoding="UTF-8"?>
<!-- Generated by org.testng.reporters.JUnitReportReporter -->
<testsuite hostname="DESKTOP-E5PNTFF" failures="0" tests="1" name="testcases.MyFirstTestFW" time="0.000" errors="0" timestamp="2024-07-26T13:44:04 IST" skipped="1">
  <testcase classname="testcases.MyFirstTestFW" name="SignUpTest" time="0.000">
    <skipped/>
  </testcase> <!-- SignUpTest -->
</testsuite> <!-- testcases.MyFirstTestFW -->
