<?xml version="1.0" encoding="UTF-8"?>
<!-- Generated by org.testng.reporters.JUnitReportReporter -->
<testsuite hostname="DESKTOP-E5PNTFF" failures="0" tests="4" name="testcases.SignUpTest" time="81.378" errors="0" timestamp="2024-07-27T15:41:30 IST" skipped="0">
  <testcase classname="testcases.SignUpTest" name="LoginTest" time="18.375"/>
  <system-out/>
  <testcase classname="testcases.SignUpTest" name="LoginTest" time="20.873"/>
  <system-out/>
  <testcase classname="testcases.SignUpTest" name="LoginTest" time="24.274"/>
  <system-out/>
  <testcase classname="testcases.SignUpTest" name="LoginTest" time="17.856"/>
  <system-out/>
</testsuite> <!-- testcases.SignUpTest -->
